<?xml version="1.0" encoding="UTF-8"?>
<testsuite name="com.mindex.challenge.ChallengeApplicationTests" tests="1" skipped="0" failures="0" errors="0" timestamp="2020-03-06T18:21:22" hostname="Sakshis-MacBook-Pro.local" time="0.004">
  <properties/>
  <testcase name="contextLoads" classname="com.mindex.challenge.ChallengeApplicationTests" time="0.004"/>
  <system-out><![CDATA[2020-03-06 13:21:22.718  INFO 60069 --- [    Test worker] .b.t.c.SpringBootTestContextBootstrapper : Neither @ContextConfiguration nor @ContextHierarchy found for test class [com.mindex.challenge.ChallengeApplicationTests], using SpringBootContextLoader
2020-03-06 13:21:22.720  INFO 60069 --- [    Test worker] o.s.t.c.support.AbstractContextLoader    : Could not detect default resource locations for test class [com.mindex.challenge.ChallengeApplicationTests]: no resource found for suffixes {-context.xml, Context.groovy}.
2020-03-06 13:21:22.720  INFO 60069 --- [    Test worker] t.c.s.AnnotationConfigContextLoaderUtils : Could not detect default configuration classes for test class [com.mindex.challenge.ChallengeApplicationTests]: ChallengeApplicationTests does not declare any static, non-private, non-final, nested classes annotated with @Configuration.
2020-03-06 13:21:22.724  INFO 60069 --- [    Test worker] .b.t.c.SpringBootTestContextBootstrapper : Found @SpringBootConfiguration com.mindex.challenge.ChallengeApplication for test class com.mindex.challenge.ChallengeApplicationTests
2020-03-06 13:21:22.728  INFO 60069 --- [    Test worker] .b.t.c.SpringBootTestContextBootstrapper : Loaded default TestExecutionListener class names from location [META-INF/spring.factories]: [org.springframework.boot.test.autoconfigure.restdocs.RestDocsTestExecutionListener, org.springframework.boot.test.autoconfigure.web.client.MockRestServiceServerResetTestExecutionListener, org.springframework.boot.test.autoconfigure.web.servlet.MockMvcPrintOnlyOnFailureTestExecutionListener, org.springframework.boot.test.autoconfigure.web.servlet.WebDriverTestExecutionListener, org.springframework.boot.test.mock.mockito.MockitoTestExecutionListener, org.springframework.boot.test.mock.mockito.ResetMocksTestExecutionListener, org.springframework.test.context.web.ServletTestExecutionListener, org.springframework.test.context.support.DirtiesContextBeforeModesTestExecutionListener, org.springframework.test.context.support.DependencyInjectionTestExecutionListener, org.springframework.test.context.support.DirtiesContextTestExecutionListener, org.springframework.test.context.transaction.TransactionalTestExecutionListener, org.springframework.test.context.jdbc.SqlScriptsTestExecutionListener]
2020-03-06 13:21:22.733  INFO 60069 --- [    Test worker] .b.t.c.SpringBootTestContextBootstrapper : Using TestExecutionListeners: [org.springframework.test.context.web.ServletTestExecutionListener@1a0ec53e, org.springframework.test.context.support.DirtiesContextBeforeModesTestExecutionListener@47dd4f63, org.springframework.boot.test.autoconfigure.SpringBootDependencyInjectionTestExecutionListener@57ca6a6c, org.springframework.test.context.support.DirtiesContextTestExecutionListener@1df80d13, org.springframework.test.context.transaction.TransactionalTestExecutionListener@71b30ca7, org.springframework.test.context.jdbc.SqlScriptsTestExecutionListener@5cb8e3a5, org.springframework.boot.test.autoconfigure.restdocs.RestDocsTestExecutionListener@58a57b54, org.springframework.boot.test.autoconfigure.web.servlet.MockMvcPrintOnlyOnFailureTestExecutionListener@56865c6, org.springframework.boot.test.mock.mockito.MockitoTestExecutionListener@6cd797f8, org.springframework.boot.test.autoconfigure.web.client.MockRestServiceServerResetTestExecutionListener@77e9e40c, org.springframework.boot.test.autoconfigure.web.servlet.WebDriverTestExecutionListener@4654e7e, org.springframework.boot.test.mock.mockito.ResetMocksTestExecutionListener@42e54d61]
]]></system-out>
  <system-err><![CDATA[]]></system-err>
</testsuite>
